C:\USERS\LOY\DOCUMENTS\GITHUB\CPPSTREAM\DEBUG\STREAMCLIENT.LIB
C:\USERS\LOY\DOCUMENTS\GITHUB\CPPSTREAM\LIB\DEBUG\BUFFEREDREADER.OBJ
C:\Users\loy\Documents\GitHub\cppstream\lib\Debug\cl.command.1.tlog
C:\Users\loy\Documents\GitHub\cppstream\lib\Debug\CL.read.1.tlog
C:\Users\loy\Documents\GitHub\cppstream\lib\Debug\CL.write.1.tlog
C:\USERS\LOY\DOCUMENTS\GITHUB\CPPSTREAM\LIB\DEBUG\CONTROLLER.OBJ
C:\USERS\LOY\DOCUMENTS\GITHUB\CPPSTREAM\LIB\DEBUG\HTTPPOST.OBJ
C:\Users\loy\Documents\GitHub\cppstream\lib\Debug\lib.command.1.tlog
C:\Users\loy\Documents\GitHub\cppstream\lib\Debug\Lib-link.read.1.tlog
C:\Users\loy\Documents\GitHub\cppstream\lib\Debug\Lib-link.write.1.tlog
C:\USERS\LOY\DOCUMENTS\GITHUB\CPPSTREAM\LIB\DEBUG\METAINFORMATION.OBJ
C:\USERS\LOY\DOCUMENTS\GITHUB\CPPSTREAM\LIB\DEBUG\SIGNALCONTAINER.OBJ
C:\USERS\LOY\DOCUMENTS\GITHUB\CPPSTREAM\LIB\DEBUG\SOCKETNONBLOCKING.OBJ
C:\USERS\LOY\DOCUMENTS\GITHUB\CPPSTREAM\LIB\DEBUG\STREAMCLIENT.OBJ
C:\Users\loy\Documents\GitHub\cppstream\lib\Debug\streamclient.write.1.tlog
C:\USERS\LOY\DOCUMENTS\GITHUB\CPPSTREAM\LIB\DEBUG\SUBSCRIBEDSIGNAL.OBJ
C:\USERS\LOY\DOCUMENTS\GITHUB\CPPSTREAM\LIB\DEBUG\TRANSPORTHEADER.OBJ
C:\USERS\LOY\DOCUMENTS\GITHUB\CPPSTREAM\LIB\DEBUG\TYPES.OBJ
C:\Users\loy\Documents\GitHub\cppstream\lib\Debug\vc100.idb
C:\USERS\LOY\DOCUMENTS\GITHUB\CPPSTREAM\LIB\DEBUG\VC100.PDB
