Build started 11.11.2014 09:01:37.
     1>Project "C:\Users\loy\Documents\GitHub\cppstream\lib\streamclient.vcxproj" on node 2 (build target(s)).
     1>InitializeBuildStatus:
         Creating "Debug\streamclient.unsuccessfulbuild" because "AlwaysCreate" was specified.
       ClCompile:
         c:\Program Files (x86)\Microsoft Visual Studio 10.0\VC\bin\CL.exe /c /I../include/StreamClient /I../../jsoncpp/include /ZI /nologo /W3 /WX- /Od /Oy- /D WIN32 /D _DEBUG /D _CONSOLE /D _UNICODE /D UNICODE /Gm /EHsc /RTC1 /MTd /GS /fp:precise /Zc:wchar_t /Zc:forScope /Fo"Debug\\" /Fd"Debug\vc100.pdb" /Gd /TP /analyze- /errorReport:prompt deltatimeinfo.cpp signalcontainer.cpp streamclient.cpp subscribedsignal.cpp timeinfo.cpp
         deltatimeinfo.cpp
         Generating Code...
         Compiling...
         signalcontainer.cpp
         Generating Code...
         Skipping... (no relevant changes detected)
         timeinfo.cpp
         subscribedsignal.cpp
         streamclient.cpp
       Lib:
         c:\Program Files (x86)\Microsoft Visual Studio 10.0\VC\bin\Lib.exe /OUT:"C:\Users\loy\Documents\GitHub\cppstream\Debug\streamclient.lib" /NOLOGO Debug\bufferedreader.obj
         Debug\controller.obj
         Debug\deltatimeinfo.obj
         Debug\httppost.obj
         Debug\metainformation.obj
         Debug\timeinfo.obj
         Debug\socketnonblocking.obj
         Debug\signalcontainer.obj
         Debug\streamclient.obj
         Debug\subscribedsignal.obj
         Debug\transportheader.obj
         streamclient.vcxproj -> C:\Users\loy\Documents\GitHub\cppstream\Debug\streamclient.lib
       FinalizeBuildStatus:
         Deleting file "Debug\streamclient.unsuccessfulbuild".
         Touching "Debug\streamclient.lastbuildstate".
     1>Done Building Project "C:\Users\loy\Documents\GitHub\cppstream\lib\streamclient.vcxproj" (build target(s)).

Build succeeded.

Time Elapsed 00:00:01.39
